Arguments: 
  C:\Users\AppData\node.exe C:\Users\cairo\AppData\Roaming\npm\node_modules\yarn\bin\yarn.js install --offline

PATH: 
  C:\Program Files\Common Files\Oracle\Java\javapath;C:\Windows\system32;C:\Windows;C:\Windows\System32\Wbem;C:\Windows\System32\WindowsPowerShell\v1.0\;C:\Users\AppData\;C:\Program Files\Git\cmd;C:\Users\cairo\AppData\Local\Programs\Python\Python310\Scripts\;C:\Users\cairo\AppData\Local\Programs\Python\Python310\;C:\Users\cairo\AppData\Local\Microsoft\WindowsApps;;C:\Users\cairo\AppData\Local\Programs\Microsoft VS Code\bin;C:\Program Files (x86)\Nmap;C:\Users\cairo\AppData\Roaming\npm

Yarn version: 
  1.22.19

Node version: 
  16.17.1

Platform: 
  win32 x64

Trace: 
  Invariant Violation: There should only be one folder in a package cache (got  in C:\Users\cairo\AppData\Local\Yarn\Cache\v6\npm-babel-plugin-transform-react-display-name-6.25.0-67e2bf1f1e9c93ab08db96792e05392bf2cc28d1-integrity\node_modules)
      at invariant (C:\Users\cairo\AppData\Roaming\npm\node_modules\yarn\lib\cli.js:2318:15)
      at C:\Users\cairo\AppData\Roaming\npm\node_modules\yarn\lib\cli.js:59832:7
      at Generator.next (<anonymous>)
      at step (C:\Users\cairo\AppData\Roaming\npm\node_modules\yarn\lib\cli.js:310:30)
      at C:\Users\cairo\AppData\Roaming\npm\node_modules\yarn\lib\cli.js:321:13

npm manifest: 
  {
    "name": "calculadora",
    "version": "1.0.0",
    "main": "node_modules/expo/AppEntry.js",
    "scripts": {
      "start": "expo start",
      "android": "expo start --android",
      "ios": "expo start --ios",
      "web": "expo start --web"
    },
    "dependencies": {
      "expo": "~47.0.12",
      "expo-status-bar": "~1.4.2",
      "react": "18.1.0",
      "react-dom": "18.1.0",
      "react-native": "0.70.5",
      "react-native-web": "~0.18.9"
    },
    "devDependencies": {
      "@babel/core": "^7.12.9",
      "@types/react": "~18.0.14",
      "@types/react-native": "~0.70.6",
      "typescript": "^4.6.3"
    },
    "private": true
  }

yarn manifest: 
  No manifest

Lockfile: 
  No lockfile
